<?xml version="1.0" encoding="UTF-8"?>
<robot generator="Robot 5.0 (Python 3.10.6 on win32)" generated="20220823 15:17:22.218" rpa="false" schemaversion="3">
<suite id="s1" name="Roboselenium" source="C:\Users\marco\Documents\GitHub\robotframework\web-test\roboselenium.robot">
<test id="s1-t1" name="Case 1: Acess site" line="5">
<kw name="Open Browser" library="SeleniumLibrary">
<arg>https://training-wheels-protocol.herokuapp.com/</arg>
<arg>chrome</arg>
<doc>Opens a new browser instance to the optional ``url``.</doc>
<msg timestamp="20220823 15:17:22.856" level="INFO">Opening browser 'chrome' to base url 'https://training-wheels-protocol.herokuapp.com/'.</msg>
<status status="PASS" starttime="20220823 15:17:22.855" endtime="20220823 15:17:35.562"/>
</kw>
<kw name="Title Should Be" library="SeleniumLibrary">
<arg>Training Wheels Protocol</arg>
<doc>Verifies that the current page title equals ``title``.</doc>
<msg timestamp="20220823 15:17:35.590" level="INFO">Page title is 'Training Wheels Protocol'.</msg>
<status status="PASS" starttime="20220823 15:17:35.567" endtime="20220823 15:17:35.590"/>
</kw>
<kw name="Close Browser" library="SeleniumLibrary">
<doc>Closes the current browser.</doc>
<status status="PASS" starttime="20220823 15:17:35.591" endtime="20220823 15:17:38.030"/>
</kw>
<status status="PASS" starttime="20220823 15:17:22.854" endtime="20220823 15:17:38.033"/>
</test>
<status status="PASS" starttime="20220823 15:17:22.221" endtime="20220823 15:17:38.035"/>
</suite>
<statistics>
<total>
<stat pass="1" fail="0" skip="0">All Tests</stat>
</total>
<tag>
</tag>
<suite>
<stat pass="1" fail="0" skip="0" id="s1" name="Roboselenium">Roboselenium</stat>
</suite>
</statistics>
<errors>
</errors>
</robot>
